/drivesharing/clientmodel?id=1RY2YnPjvydNPWJfhDq37aP-QHRVb8e8sX3Sq_Nt-PrA&foreignService=ritz&authuser=0&origin=https%3A%2F%2Fdocs.google.com:1 An iframe which has both allow-scripts and allow-same-origin for its sandbox attribute can escape its sandboxing.
1050623881-waffle_js_prod_core.js:4519 [Violation] 'setTimeout' handler took 50ms
1050623881-waffle_js_prod_core.js:4519 [Violation] 'setTimeout' handler took 50ms
1050623881-waffle_js_prod_core.js:4519 [Violation] 'setTimeout' handler took 50ms
1050623881-waffle_js_prod_core.js:4519 [Violation] 'setTimeout' handler took 50ms
The resource <URL> was preloaded using link preload but not used within a few seconds from the window's load event. Please make sure it has an appropriate `as` value and it is preloaded intentionally.
The resource <URL> was preloaded using link preload but not used within a few seconds from the window's load event. Please make sure it has an appropriate `as` value and it is preloaded intentionally.
The resource <URL> was preloaded using link preload but not used within a few seconds from the window's load event. Please make sure it has an appropriate `as` value and it is preloaded intentionally.
The resource <URL> was preloaded using link preload but not used within a few seconds from the window's load event. Please make sure it has an appropriate `as` value and it is preloaded intentionally.
The resource <URL> was preloaded using link preload but not used within a few seconds from the window's load event. Please make sure it has an appropriate `as` value and it is preloaded intentionally.
The resource <URL> was preloaded using link preload but not used within a few seconds from the window's load event. Please make sure it has an appropriate `as` value and it is preloaded intentionally.
The resource <URL> was preloaded using link preload but not used within a few seconds from the window's load event. Please make sure it has an appropriate `as` value and it is preloaded intentionally.
The resource <URL> was preloaded using link preload but not used within a few seconds from the window's load event. Please make sure it has an appropriate `as` value and it is preloaded intentionally.
The resource <URL> was preloaded using link preload but not used within a few seconds from the window's load event. Please make sure it has an appropriate `as` value and it is preloaded intentionally.
The resource <URL> was preloaded using link preload but not used within a few seconds from the window's load event. Please make sure it has an appropriate `as` value and it is preloaded intentionally.
The resource <URL> was preloaded using link preload but not used within a few seconds from the window's load event. Please make sure it has an appropriate `as` value and it is preloaded intentionally.
The resource <URL> was preloaded using link preload but not used within a few seconds from the window's load event. Please make sure it has an appropriate `as` value and it is preloaded intentionally.
The resource <URL> was preloaded using link preload but not used within a few seconds from the window's load event. Please make sure it has an appropriate `as` value and it is preloaded intentionally.
The resource <URL> was preloaded using link preload but not used within a few seconds from the window's load event. Please make sure it has an appropriate `as` value and it is preloaded intentionally.
The resource <URL> was preloaded using link preload but not used within a few seconds from the window's load event. Please make sure it has an appropriate `as` value and it is preloaded intentionally.
The resource <URL> was preloaded using link preload but not used within a few seconds from the window's load event. Please make sure it has an appropriate `as` value and it is preloaded intentionally.
The resource <URL> was preloaded using link preload but not used within a few seconds from the window's load event. Please make sure it has an appropriate `as` value and it is preloaded intentionally.
The resource <URL> was preloaded using link preload but not used within a few seconds from the window's load event. Please make sure it has an appropriate `as` value and it is preloaded intentionally.
The resource <URL> was preloaded using link preload but not used within a few seconds from the window's load event. Please make sure it has an appropriate `as` value and it is preloaded intentionally.
The resource <URL> was preloaded using link preload but not used within a few seconds from the window's load event. Please make sure it has an appropriate `as` value and it is preloaded intentionally.
The resource <URL> was preloaded using link preload but not used within a few seconds from the window's load event. Please make sure it has an appropriate `as` value and it is preloaded intentionally.
The resource <URL> was preloaded using link preload but not used within a few seconds from the window's load event. Please make sure it has an appropriate `as` value and it is preloaded intentionally.
The resource <URL> was preloaded using link preload but not used within a few seconds from the window's load event. Please make sure it has an appropriate `as` value and it is preloaded intentionally.
The resource <URL> was preloaded using link preload but not used within a few seconds from the window's load event. Please make sure it has an appropriate `as` value and it is preloaded intentionally.
The resource <URL> was preloaded using link preload but not used within a few seconds from the window's load event. Please make sure it has an appropriate `as` value and it is preloaded intentionally.
The resource <URL> was preloaded using link preload but not used within a few seconds from the window's load event. Please make sure it has an appropriate `as` value and it is preloaded intentionally.
The resource <URL> was preloaded using link preload but not used within a few seconds from the window's load event. Please make sure it has an appropriate `as` value and it is preloaded intentionally.
The resource <URL> was preloaded using link preload but not used within a few seconds from the window's load event. Please make sure it has an appropriate `as` value and it is preloaded intentionally.
The resource <URL> was preloaded using link preload but not used within a few seconds from the window's load event. Please make sure it has an appropriate `as` value and it is preloaded intentionally.
The resource <URL> was preloaded using link preload but not used within a few seconds from the window's load event. Please make sure it has an appropriate `as` value and it is preloaded intentionally.
The resource <URL> was preloaded using link preload but not used within a few seconds from the window's load event. Please make sure it has an appropriate `as` value and it is preloaded intentionally.
The resource <URL> was preloaded using link preload but not used within a few seconds from the window's load event. Please make sure it has an appropriate `as` value and it is preloaded intentionally.
The resource <URL> was preloaded using link preload but not used within a few seconds from the window's load event. Please make sure it has an appropriate `as` value and it is preloaded intentionally.
The resource <URL> was preloaded using link preload but not used within a few seconds from the window's load event. Please make sure it has an appropriate `as` value and it is preloaded intentionally.
The resource <URL> was preloaded using link preload but not used within a few seconds from the window's load event. Please make sure it has an appropriate `as` value and it is preloaded intentionally.
The resource <URL> was preloaded using link preload but not used within a few seconds from the window's load event. Please make sure it has an appropriate `as` value and it is preloaded intentionally.
The resource <URL> was preloaded using link preload but not used within a few seconds from the window's load event. Please make sure it has an appropriate `as` value and it is preloaded intentionally.
The resource <URL> was preloaded using link preload but not used within a few seconds from the window's load event. Please make sure it has an appropriate `as` value and it is preloaded intentionally.
The resource <URL> was preloaded using link preload but not used within a few seconds from the window's load event. Please make sure it has an appropriate `as` value and it is preloaded intentionally.
The resource <URL> was preloaded using link preload but not used within a few seconds from the window's load event. Please make sure it has an appropriate `as` value and it is preloaded intentionally.
The resource <URL> was preloaded using link preload but not used within a few seconds from the window's load event. Please make sure it has an appropriate `as` value and it is preloaded intentionally.
The resource <URL> was preloaded using link preload but not used within a few seconds from the window's load event. Please make sure it has an appropriate `as` value and it is preloaded intentionally.
The resource <URL> was preloaded using link preload but not used within a few seconds from the window's load event. Please make sure it has an appropriate `as` value and it is preloaded intentionally.
The resource <URL> was preloaded using link preload but not used within a few seconds from the window's load event. Please make sure it has an appropriate `as` value and it is preloaded intentionally.
The resource <URL> was preloaded using link preload but not used within a few seconds from the window's load event. Please make sure it has an appropriate `as` value and it is preloaded intentionally.
The resource <URL> was preloaded using link preload but not used within a few seconds from the window's load event. Please make sure it has an appropriate `as` value and it is preloaded intentionally.
The resource <URL> was preloaded using link preload but not used within a few seconds from the window's load event. Please make sure it has an appropriate `as` value and it is preloaded intentionally.
The resource <URL> was preloaded using link preload but not used within a few seconds from the window's load event. Please make sure it has an appropriate `as` value and it is preloaded intentionally.
The resource <URL> was preloaded using link preload but not used within a few seconds from the window's load event. Please make sure it has an appropriate `as` value and it is preloaded intentionally.
The resource <URL> was preloaded using link preload but not used within a few seconds from the window's load event. Please make sure it has an appropriate `as` value and it is preloaded intentionally.
The resource <URL> was preloaded using link preload but not used within a few seconds from the window's load event. Please make sure it has an appropriate `as` value and it is preloaded intentionally.
The resource <URL> was preloaded using link preload but not used within a few seconds from the window's load event. Please make sure it has an appropriate `as` value and it is preloaded intentionally.
The resource <URL> was preloaded using link preload but not used within a few seconds from the window's load event. Please make sure it has an appropriate `as` value and it is preloaded intentionally.
The resource <URL> was preloaded using link preload but not used within a few seconds from the window's load event. Please make sure it has an appropriate `as` value and it is preloaded intentionally.
The resource <URL> was preloaded using link preload but not used within a few seconds from the window's load event. Please make sure it has an appropriate `as` value and it is preloaded intentionally.
The resource <URL> was preloaded using link preload but not used within a few seconds from the window's load event. Please make sure it has an appropriate `as` value and it is preloaded intentionally.
The resource <URL> was preloaded using link preload but not used within a few seconds from the window's load event. Please make sure it has an appropriate `as` value and it is preloaded intentionally.
The resource <URL> was preloaded using link preload but not used within a few seconds from the window's load event. Please make sure it has an appropriate `as` value and it is preloaded intentionally.
The resource <URL> was preloaded using link preload but not used within a few seconds from the window's load event. Please make sure it has an appropriate `as` value and it is preloaded intentionally.
The resource <URL> was preloaded using link preload but not used within a few seconds from the window's load event. Please make sure it has an appropriate `as` value and it is preloaded intentionally.
The resource <URL> was preloaded using link preload but not used within a few seconds from the window's load event. Please make sure it has an appropriate `as` value and it is preloaded intentionally.
The resource <URL> was preloaded using link preload but not used within a few seconds from the window's load event. Please make sure it has an appropriate `as` value and it is preloaded intentionally.
The resource <URL> was preloaded using link preload but not used within a few seconds from the window's load event. Please make sure it has an appropriate `as` value and it is preloaded intentionally.
The resource <URL> was preloaded using link preload but not used within a few seconds from the window's load event. Please make sure it has an appropriate `as` value and it is preloaded intentionally.
The resource <URL> was preloaded using link preload but not used within a few seconds from the window's load event. Please make sure it has an appropriate `as` value and it is preloaded intentionally.
The resource <URL> was preloaded using link preload but not used within a few seconds from the window's load event. Please make sure it has an appropriate `as` value and it is preloaded intentionally.
The resource <URL> was preloaded using link preload but not used within a few seconds from the window's load event. Please make sure it has an appropriate `as` value and it is preloaded intentionally.
/spreadsheets/d/1RY2YnPjvydNPWJfhDq37aP-QHRVb8e8sX3Sq_Nt-PrA/edit?gid=184711223#gid=184711223:1 The resource https://docs.google.com/static/spreadsheets2/client/js/3064502725-waffle_js_prod_add_ons_app_finder_populator.js was preloaded using link preload but not used within a few seconds from the window's load event. Please make sure it has an appropriate `as` value and it is preloaded intentionally.
/spreadsheets/d/1RY2YnPjvydNPWJfhDq37aP-QHRVb8e8sX3Sq_Nt-PrA/edit?gid=184711223#gid=184711223:1 The resource https://docs.google.com/static/spreadsheets2/client/js/3064502725-waffle_js_prod_add_ons_app_finder_populator.js was preloaded using link preload but not used within a few seconds from the window's load event. Please make sure it has an appropriate `as` value and it is preloaded intentionally.
/spreadsheets/d/1RY2YnPjvydNPWJfhDq37aP-QHRVb8e8sX3Sq_Nt-PrA/edit?gid=184711223#gid=184711223:1 The resource https://docs.google.com/static/spreadsheets2/client/js/3516878551-waffle_js_prod_add_ons_host_content_factory.js was preloaded using link preload but not used within a few seconds from the window's load event. Please make sure it has an appropriate `as` value and it is preloaded intentionally.
/spreadsheets/d/1RY2YnPjvydNPWJfhDq37aP-QHRVb8e8sX3Sq_Nt-PrA/edit?gid=184711223#gid=184711223:1 The resource https://docs.google.com/static/spreadsheets2/client/js/2967753691-waffle_js_prod_add_ons_promo_bubble_factory.js was preloaded using link preload but not used within a few seconds from the window's load event. Please make sure it has an appropriate `as` value and it is preloaded intentionally.
/spreadsheets/d/1RY2YnPjvydNPWJfhDq37aP-QHRVb8e8sX3Sq_Nt-PrA/edit?gid=184711223#gid=184711223:1 The resource https://docs.google.com/static/spreadsheets2/client/js/3064502725-waffle_js_prod_add_ons_app_finder_populator.js was preloaded using link preload but not used within a few seconds from the window's load event. Please make sure it has an appropriate `as` value and it is preloaded intentionally.
/spreadsheets/d/1RY2YnPjvydNPWJfhDq37aP-QHRVb8e8sX3Sq_Nt-PrA/edit?gid=184711223#gid=184711223:1 The resource https://docs.google.com/static/spreadsheets2/client/js/3516878551-waffle_js_prod_add_ons_host_content_factory.js was preloaded using link preload but not used within a few seconds from the window's load event. Please make sure it has an appropriate `as` value and it is preloaded intentionally.
/spreadsheets/d/1RY2YnPjvydNPWJfhDq37aP-QHRVb8e8sX3Sq_Nt-PrA/edit?gid=184711223#gid=184711223:1 The resource https://docs.google.com/static/spreadsheets2/client/js/72174131-waffle_js_prod_automatedactions.js was preloaded using link preload but not used within a few seconds from the window's load event. Please make sure it has an appropriate `as` value and it is preloaded intentionally.
/spreadsheets/d/1RY2YnPjvydNPWJfhDq37aP-QHRVb8e8sX3Sq_Nt-PrA/edit?gid=184711223#gid=184711223:1 The resource https://docs.google.com/static/spreadsheets2/client/js/2967753691-waffle_js_prod_add_ons_promo_bubble_factory.js was preloaded using link preload but not used within a few seconds from the window's load event. Please make sure it has an appropriate `as` value and it is preloaded intentionally.
/spreadsheets/d/1RY2YnPjvydNPWJfhDq37aP-QHRVb8e8sX3Sq_Nt-PrA/edit?gid=184711223#gid=184711223:1 The resource https://docs.google.com/static/spreadsheets2/client/js/3516878551-waffle_js_prod_add_ons_host_content_factory.js was preloaded using link preload but not used within a few seconds from the window's load event. Please make sure it has an appropriate `as` value and it is preloaded intentionally.
/spreadsheets/d/1RY2YnPjvydNPWJfhDq37aP-QHRVb8e8sX3Sq_Nt-PrA/edit?gid=184711223#gid=184711223:1 The resource https://docs.google.com/static/spreadsheets2/client/js/3064502725-waffle_js_prod_add_ons_app_finder_populator.js was preloaded using link preload but not used within a few seconds from the window's load event. Please make sure it has an appropriate `as` value and it is preloaded intentionally.
/spreadsheets/d/1RY2YnPjvydNPWJfhDq37aP-QHRVb8e8sX3Sq_Nt-PrA/edit?gid=184711223#gid=184711223:1 The resource https://docs.google.com/static/spreadsheets2/client/js/72174131-waffle_js_prod_automatedactions.js was preloaded using link preload but not used within a few seconds from the window's load event. Please make sure it has an appropriate `as` value and it is preloaded intentionally.
/spreadsheets/d/1RY2YnPjvydNPWJfhDq37aP-QHRVb8e8sX3Sq_Nt-PrA/edit?gid=184711223#gid=184711223:1 The resource https://docs.google.com/static/spreadsheets2/client/js/3624492228-waffle_js_prod_banding.js was preloaded using link preload but not used within a few seconds from the window's load event. Please make sure it has an appropriate `as` value and it is preloaded intentionally.
/spreadsheets/d/1RY2YnPjvydNPWJfhDq37aP-QHRVb8e8sX3Sq_Nt-PrA/edit?gid=184711223#gid=184711223:1 The resource https://docs.google.com/static/spreadsheets2/client/js/2967753691-waffle_js_prod_add_ons_promo_bubble_factory.js was preloaded using link preload but not used within a few seconds from the window's load event. Please make sure it has an appropriate `as` value and it is preloaded intentionally.
/spreadsheets/d/1RY2YnPjvydNPWJfhDq37aP-QHRVb8e8sX3Sq_Nt-PrA/edit?gid=184711223#gid=184711223:1 The resource https://docs.google.com/static/spreadsheets2/client/js/3516878551-waffle_js_prod_add_ons_host_content_factory.js was preloaded using link preload but not used within a few seconds from the window's load event. Please make sure it has an appropriate `as` value and it is preloaded intentionally.
/spreadsheets/d/1RY2YnPjvydNPWJfhDq37aP-QHRVb8e8sX3Sq_Nt-PrA/edit?gid=184711223#gid=184711223:1 The resource https://docs.google.com/static/spreadsheets2/client/js/3064502725-waffle_js_prod_add_ons_app_finder_populator.js was preloaded using link preload but not used within a few seconds from the window's load event. Please make sure it has an appropriate `as` value and it is preloaded intentionally.
/spreadsheets/d/1RY2YnPjvydNPWJfhDq37aP-QHRVb8e8sX3Sq_Nt-PrA/edit?gid=184711223#gid=184711223:1 The resource https://docs.google.com/static/spreadsheets2/client/js/72174131-waffle_js_prod_automatedactions.js was preloaded using link preload but not used within a few seconds from the window's load event. Please make sure it has an appropriate `as` value and it is preloaded intentionally.
/spreadsheets/d/1RY2YnPjvydNPWJfhDq37aP-QHRVb8e8sX3Sq_Nt-PrA/edit?gid=184711223#gid=184711223:1 The resource https://docs.google.com/static/spreadsheets2/client/js/947571528-waffle_js_prod_blobexportstatus.js was preloaded using link preload but not used within a few seconds from the window's load event. Please make sure it has an appropriate `as` value and it is preloaded intentionally.
/spreadsheets/d/1RY2YnPjvydNPWJfhDq37aP-QHRVb8e8sX3Sq_Nt-PrA/edit?gid=184711223#gid=184711223:1 The resource https://docs.google.com/static/spreadsheets2/client/js/3624492228-waffle_js_prod_banding.js was preloaded using link preload but not used within a few seconds from the window's load event. Please make sure it has an appropriate `as` value and it is preloaded intentionally.
/spreadsheets/d/1RY2YnPjvydNPWJfhDq37aP-QHRVb8e8sX3Sq_Nt-PrA/edit?gid=184711223#gid=184711223:1 The resource https://docs.google.com/static/spreadsheets2/client/js/2967753691-waffle_js_prod_add_ons_promo_bubble_factory.js was preloaded using link preload but not used within a few seconds from the window's load event. Please make sure it has an appropriate `as` value and it is preloaded intentionally.
/spreadsheets/d/1RY2YnPjvydNPWJfhDq37aP-QHRVb8e8sX3Sq_Nt-PrA/edit?gid=184711223#gid=184711223:1 The resource https://docs.google.com/static/spreadsheets2/client/js/3516878551-waffle_js_prod_add_ons_host_content_factory.js was preloaded using link preload but not used within a few seconds from the window's load event. Please make sure it has an appropriate `as` value and it is preloaded intentionally.
/spreadsheets/d/1RY2YnPjvydNPWJfhDq37aP-QHRVb8e8sX3Sq_Nt-PrA/edit?gid=184711223#gid=184711223:1 The resource https://docs.google.com/static/spreadsheets2/client/js/3064502725-waffle_js_prod_add_ons_app_finder_populator.js was preloaded using link preload but not used within a few seconds from the window's load event. Please make sure it has an appropriate `as` value and it is preloaded intentionally.
/spreadsheets/d/1RY2YnPjvydNPWJfhDq37aP-QHRVb8e8sX3Sq_Nt-PrA/edit?gid=184711223#gid=184711223:1 The resource https://docs.google.com/static/spreadsheets2/client/js/72174131-waffle_js_prod_automatedactions.js was preloaded using link preload but not used within a few seconds from the window's load event. Please make sure it has an appropriate `as` value and it is preloaded intentionally.
/spreadsheets/d/1RY2YnPjvydNPWJfhDq37aP-QHRVb8e8sX3Sq_Nt-PrA/edit?gid=184711223#gid=184711223:1 The resource https://docs.google.com/static/spreadsheets2/client/js/947571528-waffle_js_prod_blobexportstatus.js was preloaded using link preload but not used within a few seconds from the window's load event. Please make sure it has an appropriate `as` value and it is preloaded intentionally.
/spreadsheets/d/1RY2YnPjvydNPWJfhDq37aP-QHRVb8e8sX3Sq_Nt-PrA/edit?gid=184711223#gid=184711223:1 The resource https://docs.google.com/static/spreadsheets2/client/js/3624492228-waffle_js_prod_banding.js was preloaded using link preload but not used within a few seconds from the window's load event. Please make sure it has an appropriate `as` value and it is preloaded intentionally.
/spreadsheets/d/1RY2YnPjvydNPWJfhDq37aP-QHRVb8e8sX3Sq_Nt-PrA/edit?gid=184711223#gid=184711223:1 The resource https://docs.google.com/static/spreadsheets2/client/js/2967753691-waffle_js_prod_add_ons_promo_bubble_factory.js was preloaded using link preload but not used within a few seconds from the window's load event. Please make sure it has an appropriate `as` value and it is preloaded intentionally.
/spreadsheets/d/1RY2YnPjvydNPWJfhDq37aP-QHRVb8e8sX3Sq_Nt-PrA/edit?gid=184711223#gid=184711223:1 The resource https://docs.google.com/static/spreadsheets2/client/js/1240262821-waffle_js_prod_screenreader.js was preloaded using link preload but not used within a few seconds from the window's load event. Please make sure it has an appropriate `as` value and it is preloaded intentionally.
/spreadsheets/d/1RY2YnPjvydNPWJfhDq37aP-QHRVb8e8sX3Sq_Nt-PrA/edit?gid=184711223#gid=184711223:1 The resource https://docs.google.com/static/spreadsheets2/client/js/3064502725-waffle_js_prod_add_ons_app_finder_populator.js was preloaded using link preload but not used within a few seconds from the window's load event. Please make sure it has an appropriate `as` value and it is preloaded intentionally.
/spreadsheets/d/1RY2YnPjvydNPWJfhDq37aP-QHRVb8e8sX3Sq_Nt-PrA/edit?gid=184711223#gid=184711223:1 The resource https://docs.google.com/static/spreadsheets2/client/js/4005311796-waffle_js_prod_braille.js was preloaded using link preload but not used within a few seconds from the window's load event. Please make sure it has an appropriate `as` value and it is preloaded intentionally.
/spreadsheets/d/1RY2YnPjvydNPWJfhDq37aP-QHRVb8e8sX3Sq_Nt-PrA/edit?gid=184711223#gid=184711223:1 The resource https://docs.google.com/static/spreadsheets2/client/js/3516878551-waffle_js_prod_add_ons_host_content_factory.js was preloaded using link preload but not used within a few seconds from the window's load event. Please make sure it has an appropriate `as` value and it is preloaded intentionally.
/spreadsheets/d/1RY2YnPjvydNPWJfhDq37aP-QHRVb8e8sX3Sq_Nt-PrA/edit?gid=184711223#gid=184711223:1 The resource https://docs.google.com/static/spreadsheets2/client/js/72174131-waffle_js_prod_automatedactions.js was preloaded using link preload but not used within a few seconds from the window's load event. Please make sure it has an appropriate `as` value and it is preloaded intentionally.
/spreadsheets/d/1RY2YnPjvydNPWJfhDq37aP-QHRVb8e8sX3Sq_Nt-PrA/edit?gid=184711223#gid=184711223:1 The resource https://docs.google.com/static/spreadsheets2/client/js/947571528-waffle_js_prod_blobexportstatus.js was preloaded using link preload but not used within a few seconds from the window's load event. Please make sure it has an appropriate `as` value and it is preloaded intentionally.
/spreadsheets/d/1RY2YnPjvydNPWJfhDq37aP-QHRVb8e8sX3Sq_Nt-PrA/edit?gid=184711223#gid=184711223:1 The resource https://docs.google.com/static/spreadsheets2/client/js/3624492228-waffle_js_prod_banding.js was preloaded using link preload but not used within a few seconds from the window's load event. Please make sure it has an appropriate `as` value and it is preloaded intentionally.
/spreadsheets/d/1RY2YnPjvydNPWJfhDq37aP-QHRVb8e8sX3Sq_Nt-PrA/edit?gid=184711223#gid=184711223:1 The resource https://docs.google.com/static/spreadsheets2/client/js/2967753691-waffle_js_prod_add_ons_promo_bubble_factory.js was preloaded using link preload but not used within a few seconds from the window's load event. Please make sure it has an appropriate `as` value and it is preloaded intentionally.
/spreadsheets/d/1RY2YnPjvydNPWJfhDq37aP-QHRVb8e8sX3Sq_Nt-PrA/edit?gid=184711223#gid=184711223:1 The resource https://docs.google.com/static/spreadsheets2/client/js/1240262821-waffle_js_prod_screenreader.js was preloaded using link preload but not used within a few seconds from the window's load event. Please make sure it has an appropriate `as` value and it is preloaded intentionally.
/spreadsheets/d/1RY2YnPjvydNPWJfhDq37aP-QHRVb8e8sX3Sq_Nt-PrA/edit?gid=184711223#gid=184711223:1 The resource https://docs.google.com/static/spreadsheets2/client/js/3064502725-waffle_js_prod_add_ons_app_finder_populator.js was preloaded using link preload but not used within a few seconds from the window's load event. Please make sure it has an appropriate `as` value and it is preloaded intentionally.
/spreadsheets/d/1RY2YnPjvydNPWJfhDq37aP-QHRVb8e8sX3Sq_Nt-PrA/edit?gid=184711223#gid=184711223:1 The resource https://docs.google.com/static/spreadsheets2/client/js/4005311796-waffle_js_prod_braille.js was preloaded using link preload but not used within a few seconds from the window's load event. Please make sure it has an appropriate `as` value and it is preloaded intentionally.
/spreadsheets/d/1RY2YnPjvydNPWJfhDq37aP-QHRVb8e8sX3Sq_Nt-PrA/edit?gid=184711223#gid=184711223:1 The resource https://docs.google.com/static/spreadsheets2/client/js/3516878551-waffle_js_prod_add_ons_host_content_factory.js was preloaded using link preload but not used within a few seconds from the window's load event. Please make sure it has an appropriate `as` value and it is preloaded intentionally.
/spreadsheets/d/1RY2YnPjvydNPWJfhDq37aP-QHRVb8e8sX3Sq_Nt-PrA/edit?gid=184711223#gid=184711223:1 The resource https://docs.google.com/static/spreadsheets2/client/js/72174131-waffle_js_prod_automatedactions.js was preloaded using link preload but not used within a few seconds from the window's load event. Please make sure it has an appropriate `as` value and it is preloaded intentionally.
/spreadsheets/d/1RY2YnPjvydNPWJfhDq37aP-QHRVb8e8sX3Sq_Nt-PrA/edit?gid=184711223#gid=184711223:1 The resource https://docs.google.com/static/spreadsheets2/client/js/947571528-waffle_js_prod_blobexportstatus.js was preloaded using link preload but not used within a few seconds from the window's load event. Please make sure it has an appropriate `as` value and it is preloaded intentionally.
/spreadsheets/d/1RY2YnPjvydNPWJfhDq37aP-QHRVb8e8sX3Sq_Nt-PrA/edit?gid=184711223#gid=184711223:1 The resource https://docs.google.com/static/spreadsheets2/client/js/3624492228-waffle_js_prod_banding.js was preloaded using link preload but not used within a few seconds from the window's load event. Please make sure it has an appropriate `as` value and it is preloaded intentionally.
/spreadsheets/d/1RY2YnPjvydNPWJfhDq37aP-QHRVb8e8sX3Sq_Nt-PrA/edit?gid=184711223#gid=184711223:1 The resource https://docs.google.com/static/spreadsheets2/client/js/2967753691-waffle_js_prod_add_ons_promo_bubble_factory.js was preloaded using link preload but not used within a few seconds from the window's load event. Please make sure it has an appropriate `as` value and it is preloaded intentionally.
/spreadsheets/d/1RY2YnPjvydNPWJfhDq37aP-QHRVb8e8sX3Sq_Nt-PrA/edit?gid=184711223#gid=184711223:1 The resource https://docs.google.com/static/spreadsheets2/client/js/1240262821-waffle_js_prod_screenreader.js was preloaded using link preload but not used within a few seconds from the window's load event. Please make sure it has an appropriate `as` value and it is preloaded intentionally.
/spreadsheets/d/1RY2YnPjvydNPWJfhDq37aP-QHRVb8e8sX3Sq_Nt-PrA/edit?gid=184711223#gid=184711223:1 The resource https://docs.google.com/static/spreadsheets2/client/js/3064502725-waffle_js_prod_add_ons_app_finder_populator.js was preloaded using link preload but not used within a few seconds from the window's load event. Please make sure it has an appropriate `as` value and it is preloaded intentionally.
/spreadsheets/d/1RY2YnPjvydNPWJfhDq37aP-QHRVb8e8sX3Sq_Nt-PrA/edit?gid=184711223#gid=184711223:1 The resource https://docs.google.com/static/spreadsheets2/client/js/2313039773-waffle_js_prod_conditionalformat.js was preloaded using link preload but not used within a few seconds from the window's load event. Please make sure it has an appropriate `as` value and it is preloaded intentionally.
/spreadsheets/d/1RY2YnPjvydNPWJfhDq37aP-QHRVb8e8sX3Sq_Nt-PrA/edit?gid=184711223#gid=184711223:1 The resource https://docs.google.com/static/spreadsheets2/client/js/4005311796-waffle_js_prod_braille.js was preloaded using link preload but not used within a few seconds from the window's load event. Please make sure it has an appropriate `as` value and it is preloaded intentionally.
/spreadsheets/d/1RY2YnPjvydNPWJfhDq37aP-QHRVb8e8sX3Sq_Nt-PrA/edit?gid=184711223#gid=184711223:1 The resource https://docs.google.com/static/spreadsheets2/client/js/3516878551-waffle_js_prod_add_ons_host_content_factory.js was preloaded using link preload but not used within a few seconds from the window's load event. Please make sure it has an appropriate `as` value and it is preloaded intentionally.
/spreadsheets/d/1RY2YnPjvydNPWJfhDq37aP-QHRVb8e8sX3Sq_Nt-PrA/edit?gid=184711223#gid=184711223:1 The resource https://docs.google.com/static/spreadsheets2/client/js/72174131-waffle_js_prod_automatedactions.js was preloaded using link preload but not used within a few seconds from the window's load event. Please make sure it has an appropriate `as` value and it is preloaded intentionally.
/spreadsheets/d/1RY2YnPjvydNPWJfhDq37aP-QHRVb8e8sX3Sq_Nt-PrA/edit?gid=184711223#gid=184711223:1 The resource https://docs.google.com/static/spreadsheets2/client/js/947571528-waffle_js_prod_blobexportstatus.js was preloaded using link preload but not used within a few seconds from the window's load event. Please make sure it has an appropriate `as` value and it is preloaded intentionally.
/spreadsheets/d/1RY2YnPjvydNPWJfhDq37aP-QHRVb8e8sX3Sq_Nt-PrA/edit?gid=184711223#gid=184711223:1 The resource https://docs.google.com/static/spreadsheets2/client/js/3624492228-waffle_js_prod_banding.js was preloaded using link preload but not used within a few seconds from the window's load event. Please make sure it has an appropriate `as` value and it is preloaded intentionally.
/spreadsheets/d/1RY2YnPjvydNPWJfhDq37aP-QHRVb8e8sX3Sq_Nt-PrA/edit?gid=184711223#gid=184711223:1 The resource https://docs.google.com/static/spreadsheets2/client/js/2967753691-waffle_js_prod_add_ons_promo_bubble_factory.js was preloaded using link preload but not used within a few seconds from the window's load event. Please make sure it has an appropriate `as` value and it is preloaded intentionally.
/spreadsheets/d/1RY2YnPjvydNPWJfhDq37aP-QHRVb8e8sX3Sq_Nt-PrA/edit?gid=184711223#gid=184711223:1 The resource https://docs.google.com/static/spreadsheets2/client/js/1240262821-waffle_js_prod_screenreader.js was preloaded using link preload but not used within a few seconds from the window's load event. Please make sure it has an appropriate `as` value and it is preloaded intentionally.
/spreadsheets/d/1RY2YnPjvydNPWJfhDq37aP-QHRVb8e8sX3Sq_Nt-PrA/edit?gid=184711223#gid=184711223:1 The resource https://docs.google.com/static/spreadsheets2/client/js/3064502725-waffle_js_prod_add_ons_app_finder_populator.js was preloaded using link preload but not used within a few seconds from the window's load event. Please make sure it has an appropriate `as` value and it is preloaded intentionally.
/spreadsheets/d/1RY2YnPjvydNPWJfhDq37aP-QHRVb8e8sX3Sq_Nt-PrA/edit?gid=184711223#gid=184711223:1 The resource https://docs.google.com/static/spreadsheets2/client/js/2313039773-waffle_js_prod_conditionalformat.js was preloaded using link preload but not used within a few seconds from the window's load event. Please make sure it has an appropriate `as` value and it is preloaded intentionally.
/spreadsheets/d/1RY2YnPjvydNPWJfhDq37aP-QHRVb8e8sX3Sq_Nt-PrA/edit?gid=184711223#gid=184711223:1 The resource https://docs.google.com/static/spreadsheets2/client/js/4005311796-waffle_js_prod_braille.js was preloaded using link preload but not used within a few seconds from the window's load event. Please make sure it has an appropriate `as` value and it is preloaded intentionally.
/spreadsheets/d/1RY2YnPjvydNPWJfhDq37aP-QHRVb8e8sX3Sq_Nt-PrA/edit?gid=184711223#gid=184711223:1 The resource https://docs.google.com/static/spreadsheets2/client/js/185217294-waffle_js_prod_countdownbubble.js was preloaded using link preload but not used within a few seconds from the window's load event. Please make sure it has an appropriate `as` value and it is preloaded intentionally.
/spreadsheets/d/1RY2YnPjvydNPWJfhDq37aP-QHRVb8e8sX3Sq_Nt-PrA/edit?gid=184711223#gid=184711223:1 The resource https://docs.google.com/static/spreadsheets2/client/js/3516878551-waffle_js_prod_add_ons_host_content_factory.js was preloaded using link preload but not used within a few seconds from the window's load event. Please make sure it has an appropriate `as` value and it is preloaded intentionally.
/spreadsheets/d/1RY2YnPjvydNPWJfhDq37aP-QHRVb8e8sX3Sq_Nt-PrA/edit?gid=184711223#gid=184711223:1 The resource https://docs.google.com/static/spreadsheets2/client/js/72174131-waffle_js_prod_automatedactions.js was preloaded using link preload but not used within a few seconds from the window's load event. Please make sure it has an appropriate `as` value and it is preloaded intentionally.
/spreadsheets/d/1RY2YnPjvydNPWJfhDq37aP-QHRVb8e8sX3Sq_Nt-PrA/edit?gid=184711223#gid=184711223:1 The resource https://docs.google.com/static/spreadsheets2/client/js/947571528-waffle_js_prod_blobexportstatus.js was preloaded using link preload but not used within a few seconds from the window's load event. Please make sure it has an appropriate `as` value and it is preloaded intentionally.
/spreadsheets/d/1RY2YnPjvydNPWJfhDq37aP-QHRVb8e8sX3Sq_Nt-PrA/edit?gid=184711223#gid=184711223:1 The resource https://docs.google.com/static/spreadsheets2/client/js/3624492228-waffle_js_prod_banding.js was preloaded using link preload but not used within a few seconds from the window's load event. Please make sure it has an appropriate `as` value and it is preloaded intentionally.
/spreadsheets/d/1RY2YnPjvydNPWJfhDq37aP-QHRVb8e8sX3Sq_Nt-PrA/edit?gid=184711223#gid=184711223:1 The resource https://docs.google.com/static/spreadsheets2/client/js/2967753691-waffle_js_prod_add_ons_promo_bubble_factory.js was preloaded using link preload but not used within a few seconds from the window's load event. Please make sure it has an appropriate `as` value and it is preloaded intentionally.
/spreadsheets/d/1RY2YnPjvydNPWJfhDq37aP-QHRVb8e8sX3Sq_Nt-PrA/edit?gid=184711223#gid=184711223:1 The resource https://docs.google.com/static/spreadsheets2/client/js/1240262821-waffle_js_prod_screenreader.js was preloaded using link preload but not used within a few seconds from the window's load event. Please make sure it has an appropriate `as` value and it is preloaded intentionally.
/spreadsheets/d/1RY2YnPjvydNPWJfhDq37aP-QHRVb8e8sX3Sq_Nt-PrA/edit?gid=184711223#gid=184711223:1 The resource https://docs.google.com/static/spreadsheets2/client/js/3064502725-waffle_js_prod_add_ons_app_finder_populator.js was preloaded using link preload but not used within a few seconds from the window's load event. Please make sure it has an appropriate `as` value and it is preloaded intentionally.
/spreadsheets/d/1RY2YnPjvydNPWJfhDq37aP-QHRVb8e8sX3Sq_Nt-PrA/edit?gid=184711223#gid=184711223:1 The resource https://docs.google.com/static/spreadsheets2/client/js/2649467931-waffle_js_prod_cseremotestorage.js was preloaded using link preload but not used within a few seconds from the window's load event. Please make sure it has an appropriate `as` value and it is preloaded intentionally.
/spreadsheets/d/1RY2YnPjvydNPWJfhDq37aP-QHRVb8e8sX3Sq_Nt-PrA/edit?gid=184711223#gid=184711223:1 The resource https://docs.google.com/static/spreadsheets2/client/js/2313039773-waffle_js_prod_conditionalformat.js was preloaded using link preload but not used within a few seconds from the window's load event. Please make sure it has an appropriate `as` value and it is preloaded intentionally.
/spreadsheets/d/1RY2YnPjvydNPWJfhDq37aP-QHRVb8e8sX3Sq_Nt-PrA/edit?gid=184711223#gid=184711223:1 The resource https://docs.google.com/static/spreadsheets2/client/js/4005311796-waffle_js_prod_braille.js was preloaded using link preload but not used within a few seconds from the window's load event. Please make sure it has an appropriate `as` value and it is preloaded intentionally.
/spreadsheets/d/1RY2YnPjvydNPWJfhDq37aP-QHRVb8e8sX3Sq_Nt-PrA/edit?gid=184711223#gid=184711223:1 The resource https://docs.google.com/static/spreadsheets2/client/js/185217294-waffle_js_prod_countdownbubble.js was preloaded using link preload but not used within a few seconds from the window's load event. Please make sure it has an appropriate `as` value and it is preloaded intentionally.
/spreadsheets/d/1RY2YnPjvydNPWJfhDq37aP-QHRVb8e8sX3Sq_Nt-PrA/edit?gid=184711223#gid=184711223:1 The resource https://docs.google.com/static/spreadsheets2/client/js/3516878551-waffle_js_prod_add_ons_host_content_factory.js was preloaded using link preload but not used within a few seconds from the window's load event. Please make sure it has an appropriate `as` value and it is preloaded intentionally.
