[Violation] Forced reflow while executing JavaScript took 75ms
[Violation] Added non-passive event listener to a scroll-blocking <some> event. Consider marking event handler as 'passive' to make the page more responsive. See <URL>
[Violation] Added non-passive event listener to a scroll-blocking <some> event. Consider marking event handler as 'passive' to make the page more responsive. See <URL>
[Violation] Added non-passive event listener to a scroll-blocking <some> event. Consider marking event handler as 'passive' to make the page more responsive. See <URL>
[Violation] Added non-passive event listener to a scroll-blocking <some> event. Consider marking event handler as 'passive' to make the page more responsive. See <URL>
[Violation] Added non-passive event listener to a scroll-blocking <some> event. Consider marking event handler as 'passive' to make the page more responsive. See <URL>
[Violation] Added non-passive event listener to a scroll-blocking <some> event. Consider marking event handler as 'passive' to make the page more responsive. See <URL>
[Violation] Added non-passive event listener to a scroll-blocking <some> event. Consider marking event handler as 'passive' to make the page more responsive. See <URL>
[Violation] Added non-passive event listener to a scroll-blocking <some> event. Consider marking event handler as 'passive' to make the page more responsive. See <URL>
[Violation] Added non-passive event listener to a scroll-blocking <some> event. Consider marking event handler as 'passive' to make the page more responsive. See <URL>
[Violation] Added non-passive event listener to a scroll-blocking <some> event. Consider marking event handler as 'passive' to make the page more responsive. See <URL>
[Violation] Added non-passive event listener to a scroll-blocking <some> event. Consider marking event handler as 'passive' to make the page more responsive. See <URL>
[Violation] Added non-passive event listener to a scroll-blocking <some> event. Consider marking event handler as 'passive' to make the page more responsive. See <URL>
[Violation] Added non-passive event listener to a scroll-blocking <some> event. Consider marking event handler as 'passive' to make the page more responsive. See <URL>
[Violation] Added non-passive event listener to a scroll-blocking <some> event. Consider marking event handler as 'passive' to make the page more responsive. See <URL>
[Violation] Added non-passive event listener to a scroll-blocking <some> event. Consider marking event handler as 'passive' to make the page more responsive. See <URL>
1050623881-waffle_js_prod_core.js:4540 [Violation] 'complete' handler took 591ms
[Violation] Forced reflow while executing JavaScript took 32ms
/drivesharing/clientmodel?id=1RY2YnPjvydNPWJfhDq37aP-QHRVb8e8sX3Sq_Nt-PrA&foreignService=ritz&authuser=0&origin=https%3A%2F%2Fdocs.google.com:1 An iframe which has both allow-scripts and allow-same-origin for its sandbox attribute can escape its sandboxing.
[Violation] 'requestIdleCallback' handler took 205ms

                
          
          
          
         Chrome is moving towards a new experience that allows users to choose to browse without third-party cookies.
3832347047-waffle_js_prod_ritzmain.js:5302 [Violation] 'message' handler took 514ms
[Violation] 'setTimeout' handler took <N>ms
[Violation] 'setTimeout' handler took <N>ms
[Violation] 'setTimeout' handler took <N>ms
[Violation] 'setTimeout' handler took <N>ms
[Violation] 'setTimeout' handler took <N>ms
